TN:
SF:src/conversion/agent-parser.ts
FNF:8
FNH:8
DA:2,37
DA:3,91
DA:61,13
DA:62,34
DA:65,28
DA:66,60
DA:67,2
DA:70,31
DA:71,42
DA:72,30
DA:73,30
DA:74,5
DA:75,2
DA:76,2
DA:78,31
DA:79,0
DA:80,2
DA:83,63
DA:84,57
DA:87,25
DA:88,22
DA:89,24
DA:90,22
DA:91,27
DA:93,53
DA:94,37
DA:95,36
DA:97,40
DA:100,36
DA:101,21
DA:102,29
DA:103,48
DA:104,8
DA:105,4
DA:107,19
DA:108,63
DA:111,67
DA:112,22
DA:113,45
DA:114,71
DA:115,81
DA:116,8
DA:117,5
DA:118,4
DA:120,49
DA:121,50
DA:122,62
DA:123,63
DA:126,51
DA:127,42
DA:128,61
DA:130,63
DA:131,81
DA:133,39
DA:134,64
DA:135,44
DA:136,73
DA:138,0
DA:139,15
DA:140,36
DA:142,2
DA:143,2
DA:145,12
DA:146,16
DA:147,33
DA:148,2
DA:154,26
DA:155,62
DA:158,48
DA:159,11
DA:160,0
DA:162,0
DA:163,0
DA:165,0
DA:167,2
DA:169,39
DA:171,9
DA:172,62
DA:173,60
DA:176,36
DA:177,54
DA:178,4
DA:180,21
DA:181,38
DA:182,13
DA:183,18
DA:184,20
DA:185,12
DA:186,6
DA:189,42
DA:191,53
DA:192,74
DA:194,13
DA:195,19
DA:196,26
DA:197,74
DA:198,12
DA:199,6
DA:202,52
DA:204,36
DA:211,6
DA:212,11
DA:213,7
DA:214,3
DA:215,55
DA:216,45
DA:217,49
DA:219,20
DA:220,20
DA:222,32
DA:223,25
DA:224,2
DA:226,9
DA:227,43
DA:228,84
DA:230,34
DA:231,45
DA:232,13
DA:233,61
DA:234,26
DA:235,23
DA:236,23
DA:237,33
DA:238,16
DA:239,13
DA:241,3
DA:242,19
DA:243,19
DA:244,73
DA:245,23
DA:246,7
DA:249,26
DA:255,16
DA:256,24
DA:259,40
DA:260,60
DA:261,56
DA:262,28
DA:263,66
DA:264,47
DA:265,4
DA:266,13
DA:267,37
DA:269,2
DA:271,20
DA:272,17
DA:273,28
DA:275,21
LF:276
LH:142
end_of_record
TN:
SF:src/optimization/performance.ts
FNF:26
FNH:12
DA:1,100
DA:26,33
DA:27,36
DA:28,46
DA:29,36
DA:30,22
DA:31,30
DA:36,35
DA:37,22
DA:38,82
DA:39,84
DA:42,102
DA:43,42
DA:44,16
DA:45,52
DA:46,36
DA:48,24
DA:49,22
DA:50,32
DA:51,18
DA:52,43
DA:54,13
DA:57,112
DA:58,42
DA:59,16
DA:60,52
DA:61,36
DA:63,24
DA:64,22
DA:65,32
DA:66,18
DA:67,48
DA:69,13
DA:71,40
DA:72,29
DA:73,13
DA:75,20
DA:76,29
DA:83,49
DA:84,22
DA:85,82
DA:86,84
DA:88,68
DA:89,40
DA:90,60
DA:91,22
DA:92,16
DA:93,22
DA:101,54
DA:102,22
DA:103,82
DA:104,84
DA:106,78
DA:107,40
DA:108,60
DA:109,22
DA:110,16
DA:111,17
DA:119,0
DA:120,0
DA:121,0
DA:122,0
DA:123,0
DA:124,0
DA:125,0
DA:126,0
DA:127,0
DA:128,8
DA:134,0
DA:135,0
DA:136,0
DA:137,0
DA:138,21
DA:140,2
DA:145,40
DA:146,40
DA:147,30
DA:148,38
DA:149,39
DA:151,115
DA:156,0
DA:157,0
DA:158,0
DA:159,0
DA:160,0
DA:161,0
DA:162,0
DA:163,0
DA:164,0
DA:165,0
DA:166,0
DA:167,0
DA:168,0
DA:169,0
DA:170,0
DA:171,0
DA:172,23
DA:178,0
DA:179,0
DA:180,0
DA:181,0
DA:182,0
DA:183,0
DA:184,0
DA:185,0
DA:186,0
DA:187,0
DA:188,0
DA:189,0
DA:190,0
DA:191,0
DA:192,0
DA:193,0
DA:194,8
DA:200,0
DA:201,30
DA:203,2
DA:208,54
DA:209,30
DA:210,48
DA:211,44
DA:212,50
DA:213,34
DA:214,8
DA:216,70
DA:217,27
DA:219,49
DA:220,0
DA:221,0
DA:222,0
DA:223,0
DA:224,0
DA:225,0
DA:226,0
DA:227,0
DA:228,0
DA:229,0
DA:230,34
DA:236,29
DA:237,51
DA:243,0
DA:244,30
DA:250,43
DA:251,82
DA:257,0
DA:258,0
DA:259,0
DA:260,0
DA:261,8
DA:267,0
DA:268,0
DA:269,0
DA:270,0
DA:271,0
DA:272,0
DA:273,0
DA:274,0
DA:275,0
DA:276,0
DA:277,0
DA:278,0
DA:279,0
DA:280,0
DA:281,0
DA:282,0
DA:283,0
DA:284,0
DA:285,0
DA:286,0
DA:287,0
DA:288,0
DA:289,0
DA:290,0
DA:291,0
DA:292,0
DA:293,0
DA:294,0
DA:295,0
DA:296,8
DA:302,0
DA:303,0
DA:304,0
DA:305,0
DA:306,0
DA:307,0
DA:308,0
DA:309,29
DA:311,2
DA:316,56
DA:317,36
DA:318,40
DA:320,40
DA:321,22
DA:322,82
DA:323,84
DA:325,92
DA:326,32
DA:327,16
DA:328,47
DA:329,31
DA:331,24
DA:332,27
DA:333,18
DA:334,43
DA:336,13
DA:338,112
DA:340,68
DA:341,44
DA:342,60
DA:343,22
DA:344,18
DA:346,35
DA:347,21
DA:348,73
DA:352,0
DA:353,25
DA:356,0
DA:357,28
DA:359,2
DA:364,112
DA:369,98
DA:371,259
LF:383
LH:123
end_of_record
